[INFO] Scanning for projects...
[INFO] 
[INFO] -------------------------< com.agenda:backend >-------------------------
[INFO] Building  0.0.1-SNAPSHOT
[INFO]   from pom.xml
[INFO] --------------------------------[ jar ]---------------------------------
[INFO] 
[INFO] --- clean:3.4.1:clean (default-clean) @ backend ---
[INFO] Deleting C:\Users\DaniAmbar\Desktop\taller\agenda\target
[INFO] 
[INFO] --- resources:3.3.1:resources (default-resources) @ backend ---
[INFO] Copying 1 resource from src\main\resources to target\classes
[INFO] Copying 0 resource from src\main\resources to target\classes
[INFO] 
[INFO] --- compiler:3.14.1:compile (default-compile) @ backend ---
[INFO] Recompiling the module because of changed source code.
[INFO] Compiling 23 source files with javac [debug parameters release 21] to target\classes
[INFO] -------------------------------------------------------------
[ERROR] COMPILATION ERROR : 
[INFO] -------------------------------------------------------------
[ERROR] /C:/Users/DaniAmbar/Desktop/taller/agenda/src/main/java/com/agenda/backend/repository/UserRepository.java:[4,51] package org.springframework.data.mongodb.repository does not exist
[ERROR] /C:/Users/DaniAmbar/Desktop/taller/agenda/src/main/java/com/agenda/backend/repository/UserRepository.java:[10,41] cannot find symbol
  symbol: class MongoRepository
[ERROR] /C:/Users/DaniAmbar/Desktop/taller/agenda/src/main/java/com/agenda/backend/model/User.java:[9,53] package org.springframework.data.mongodb.core.mapping does not exist
[ERROR] /C:/Users/DaniAmbar/Desktop/taller/agenda/src/main/java/com/agenda/backend/model/User.java:[11,2] cannot find symbol
  symbol: class Document
[ERROR] /C:/Users/DaniAmbar/Desktop/taller/agenda/src/main/java/com/agenda/backend/model/ShortUrl.java:[9,51] package org.springframework.data.mongodb.core.index does not exist
[ERROR] /C:/Users/DaniAmbar/Desktop/taller/agenda/src/main/java/com/agenda/backend/model/ShortUrl.java:[10,53] package org.springframework.data.mongodb.core.mapping does not exist
[ERROR] /C:/Users/DaniAmbar/Desktop/taller/agenda/src/main/java/com/agenda/backend/model/ShortUrl.java:[14,2] cannot find symbol
  symbol: class Document
[ERROR] /C:/Users/DaniAmbar/Desktop/taller/agenda/src/main/java/com/agenda/backend/repository/ShortUrlRepository.java:[4,51] package org.springframework.data.mongodb.repository does not exist
[ERROR] /C:/Users/DaniAmbar/Desktop/taller/agenda/src/main/java/com/agenda/backend/repository/ShortUrlRepository.java:[11,45] cannot find symbol
  symbol: class MongoRepository
[ERROR] /C:/Users/DaniAmbar/Desktop/taller/agenda/src/main/java/com/agenda/backend/model/ShortUrl.java:[27,6] cannot find symbol
  symbol:   class Indexed
  location: class com.agenda.backend.model.ShortUrl
[INFO] 10 errors 
[INFO] -------------------------------------------------------------
[INFO] ------------------------------------------------------------------------
[INFO] BUILD FAILURE
[INFO] ------------------------------------------------------------------------
[INFO] Total time:  4.244 s
[INFO] Finished at: 2026-04-06T21:24:05-04:00
[INFO] ------------------------------------------------------------------------
[ERROR] Failed to execute goal org.apache.maven.plugins:maven-compiler-plugin:3.14.1:compile (default-compile) on project backend: Compilation failure: Compilation failure: 
[ERROR] /C:/Users/DaniAmbar/Desktop/taller/agenda/src/main/java/com/agenda/backend/repository/UserRepository.java:[4,51] package org.springframework.data.mongodb.repository does not exist
[ERROR] /C:/Users/DaniAmbar/Desktop/taller/agenda/src/main/java/com/agenda/backend/repository/UserRepository.java:[10,41] cannot find symbol
[ERROR]   symbol: class MongoRepository
[ERROR] /C:/Users/DaniAmbar/Desktop/taller/agenda/src/main/java/com/agenda/backend/model/User.java:[9,53] package org.springframework.data.mongodb.core.mapping does not exist
[ERROR] /C:/Users/DaniAmbar/Desktop/taller/agenda/src/main/java/com/agenda/backend/model/User.java:[11,2] cannot find symbol
[ERROR]   symbol: class Document
[ERROR] /C:/Users/DaniAmbar/Desktop/taller/agenda/src/main/java/com/agenda/backend/model/ShortUrl.java:[9,51] package org.springframework.data.mongodb.core.index does not exist
[ERROR] /C:/Users/DaniAmbar/Desktop/taller/agenda/src/main/java/com/agenda/backend/model/ShortUrl.java:[10,53] package org.springframework.data.mongodb.core.mapping does not exist
[ERROR] /C:/Users/DaniAmbar/Desktop/taller/agenda/src/main/java/com/agenda/backend/model/ShortUrl.java:[14,2] cannot find symbol
[ERROR]   symbol: class Document
[ERROR] /C:/Users/DaniAmbar/Desktop/taller/agenda/src/main/java/com/agenda/backend/repository/ShortUrlRepository.java:[4,51] package org.springframework.data.mongodb.repository does not exist
[ERROR] /C:/Users/DaniAmbar/Desktop/taller/agenda/src/main/java/com/agenda/backend/repository/ShortUrlRepository.java:[11,45] cannot find symbol
[ERROR]   symbol: class MongoRepository
[ERROR] /C:/Users/DaniAmbar/Desktop/taller/agenda/src/main/java/com/agenda/backend/model/ShortUrl.java:[27,6] cannot find symbol
[ERROR]   symbol:   class Indexed
[ERROR]   location: class com.agenda.backend.model.ShortUrl
[ERROR] -> [Help 1]
[ERROR] 
[ERROR] To see the full stack trace of the errors, re-run Maven with the -e switch.
[ERROR] Re-run Maven using the -X switch to enable full debug logging.
[ERROR] 
[ERROR] For more information about the errors and possible solutions, please read the following articles:
[ERROR] [Help 1] http://cwiki.apache.org/confluence/display/MAVEN/MojoFailureException
